1625098769691	geckodriver	INFO	Listening on 127.0.0.1:65085
1625098772763	mozrunner::runner	INFO	Running command: "C:\\Program Files\\Mozilla Firefox\\firefox.exe" "--marionette" "-foreground" "-no-remote" "-profile" "C:\\WINDOWS\\TEMP\\rust_mozprofileChXTYA"
1625098775490	Marionette	INFO	Marionette enabled
console.warn: SearchSettings: "get: No settings file exists, new profile?" (new NotFoundError("Could not open the file at C:\\Windows\\Temp\\rust_mozprofileChXTYA\\search.json.mozlz4", (void 0)))
1625098789153	Marionette	INFO	Listening on port 65093
console.error: Region.jsm: "Error fetching region" (new Error("TIMEOUT", "resource://gre/modules/Region.jsm", 772))
console.error: Region.jsm: "Failed to fetch region" (new Error("TIMEOUT", "resource://gre/modules/Region.jsm", 419))
1625098790751	Marionette	WARN	TLS certificate errors will be ignored for this session
console.log: WebExtensions: reset-default-search: starting.
console.log: WebExtensions: reset-default-search: No addons in our list are installed.
JavaScript warning: https://accounts.google.com/ServiceLogin?continue=https%3A%2F%2Fdocs.google.com%2Fforms%2Fd%2F1_XyTRmCotkVFmU_V83Mma9uGUMY460CDFEe64-QgYM0%2Fviewform%3Fedit_requested%3Dtrue&flowName=GlifWebSignIn&flowEntry=ServiceLogin, line 524: Script terminated by timeout at:
lja@/accounts/static/_/js/k=gaia.gaiafe_glif.en_GB.rnbcQK0W-sw.O/am=B0Bxh0UlDJAAACAHAAAAAAAAADgaAJSDOZ7hEw/d=1/excm=glif_initial_css/rs=ABkqax2cv5LG7BYMhwkFEeZaTmjRj7OTqg/m=glifb,identifier_view,unknownerror_view:524:509
wp.prototype.aa@/accounts/static/_/js/k=gaia.gaiafe_glif.en_GB.rnbcQK0W-sw.O/am=B0Bxh0UlDJAAACAHAAAAAAAAADgaAJSDOZ7hEw/d=1/excm=glif_initial_css/rs=ABkqax2cv5LG7BYMhwkFEeZaTmjRj7OTqg/m=glifb,identifier_view,unknownerror_view:524:74
_.xp.prototype.send@/accounts/static/_/js/k=gaia.gaiafe_glif.en_GB.rnbcQK0W-sw.O/am=B0Bxh0UlDJAAACAHAAAAAAAAADgaAJSDOZ7hEw/d=1/excm=glif_initial_css/rs=ABkqax2cv5LG7BYMhwkFEeZaTmjRj7OTqg/m=glifb,identifier_view,unknownerror_view:528:194
_.ef@/accounts/static/_/js/k=gaia.gaiafe_glif.en_GB.rnbcQK0W-sw.O/am=B0Bxh0UlDJAAACAHAAAAAAAAADgaAJSDOZ7hEw/d=1/excm=glif_initial_css/rs=ABkqax2cv5LG7BYMhwkFEeZaTmjRj7OTqg/m=glifb,identifier_view,unknownerror_view:526:481
Nba@/accounts/static/_/js/k=gaia.gaiafe_glif.en_GB.rnbcQK0W-sw.O/am=B0Bxh0UlDJAAACAHAAAAAAAAADgaAJSDOZ7hEw/d=1/excm=glif_initial_css/rs=ABkqax2cv5LG7BYMhwkFEeZaTmjRj7OTqg/m=glifb,identifier_view,unknownerror_view:79:23
rC.prototype.flush@/accounts/static/_/js/k=gaia.gaiafe_glif.en_GB.rnbcQK0W-sw.O/am=B0Bxh0UlDJAAACAHAAAAAAAAADgaAJSDOZ7hEw/d=1/excm=glif_initial_css/rs=ABkqax2cv5LG7BYMhwkFEeZaTmjRj7OTqg/m=glifb,identifier_view,unknownerror_view:1393:198
Gh/<@/accounts/static/_/js/k=gaia.gaiafe_glif.en_GB.rnbcQK0W-sw.O/am=B0Bxh0UlDJAAACAHAAAAAAAAADgaAJSDOZ7hEw/d=1/excm=glif_initial_css/rs=ABkqax2cv5LG7BYMhwkFEeZaTmjRj7OTqg/m=glifb,identifier_view,unknownerror_view:166:281
en@/accounts/static/_/js/k=gaia.gaiafe_glif.en_GB.rnbcQK0W-sw.O/am=B0Bxh0UlDJAAACAHAAAAAAAAADgaAJSDOZ7hEw/d=1/excm=glif_initial_css/rs=ABkqax2cv5LG7BYMhwkFEeZaTmjRj7OTqg/m=glifb,identifier_view,unknownerror_view:391:199
_.h.dispatchEvent@/accounts/static/_/js/k=gaia.gaiafe_glif.en_GB.rnbcQK0W-sw.O/am=B0Bxh0UlDJAAACAHAAAAAAAAADgaAJSDOZ7hEw/d=1/excm=glif_initial_css/rs=ABkqax2cv5LG7BYMhwkFEeZaTmjRj7OTqg/m=glifb,identifier_view,unknownerror_view:389:378
_.h.l0@/accounts/static/_/js/k=gaia.gaiafe_glif.en_GB.rnbcQK0W-sw.O/am=B0Bxh0UlDJAAACAHAAAAAAAAADgaAJSDOZ7hEw/d=1/excm=glif_initial_css/rs=ABkqax2cv5LG7BYMhwkFEeZaTmjRj7OTqg/m=glifb,identifier_view,unknownerror_view:393:181
c@/accounts/static/_/js/k=gaia.gaiafe_glif.en_GB.rnbcQK0W-sw.O/am=B0Bxh0UlDJAAACAHAAAAAAAAADgaAJSDOZ7hEw/d=1/excm=glif_initial_css/rs=ABkqax2cv5LG7BYMhwkFEeZaTmjRj7OTqg/m=glifb,identifier_view,unknownerror_view:658:253

1625099677066	Marionette	INFO	Stopped listening on port 65093
1625099834349	geckodriver	INFO	Listening on 127.0.0.1:62064
1625099837437	mozrunner::runner	INFO	Running command: "C:\\Program Files\\Mozilla Firefox\\firefox.exe" "--marionette" "-foreground" "-no-remote" "-profile" "C:\\WINDOWS\\TEMP\\rust_mozprofileE6MbFG"
1625099840325	Marionette	INFO	Marionette enabled
console.warn: SearchSettings: "get: No settings file exists, new profile?" (new NotFoundError("Could not open the file at C:\\Windows\\Temp\\rust_mozprofileE6MbFG\\search.json.mozlz4", (void 0)))
1625099853296	Marionette	INFO	Listening on port 62073
1625099853859	Marionette	WARN	TLS certificate errors will be ignored for this session
1625100128841	Marionette	INFO	Stopped listening on port 62073

###!!! [Child][RunMessage] Error: Channel closing: too late to send/recv, messages will be lost

"--marionette" "-foreground" "-no-remote" "-profile" "C:\\WINDOWS\\TEMP\\rust_mozprofilejuMIYk"
1625100116858	Marionette	INFO	Marionette enabled
JavaScript error: resource:///modules/sessionstore/SessionStore.jsm, line 5046: NS_ERROR_UNEXPECTED: Component returned failure code: 0x8000ffff (NS_ERROR_UNEXPECTED) [nsIWindowMediator.getEnumerator]
1625100140138	geckodriver	INFO	Listening on 127.0.0.1:58825
1625100143175	mozrunner::runner	INFO	Running command: "C:\\Program Files\\Mozilla Firefox\\firefox.exe" "--marionette" "-foreground" "-no-remote" "-profile" "C:\\WINDOWS\\TEMP\\rust_mozprofilePVWNhO"
1625100145435	Marionette	INFO	Marionette enabled
console.warn: SearchSettings: "get: No settings file exists, new profile?" (new NotFoundError("Could not open the file at C:\\Windows\\Temp\\rust_mozprofilePVWNhO\\search.json.mozlz4", (void 0)))
1625100157920	Marionette	INFO	Listening on port 58833
1625100159252	Marionette	WARN	TLS certificate errors will be ignored for this session
console.error: "Error while calling actor 'pagestyle's method 'getApplied'" "node is null"
console.error: (new TypeError("node is null", "resource://devtools/server/actors/page-style.js", 570))
console.error: (new TypeError("currentNode is null", "resource://devtools/client/inspector/shared/style-change-tracker.js", 66))
TypeError: currentNode is null: canMutationImpactCurrentStyles@resource://devtools/client/inspector/shared/style-change-tracker.js:66:20
onMutations@resource://devtools/client/inspector/shared/style-change-tracker.js:84:41
_emit@resource://devtools/shared/event-emitter.js:226:34
emit@resource://devtools/shared/event-emitter.js:172:18
emit@resource://devtools/shared/event-emitter.js:324:18
getMutations@resource://devtools/client/fronts/walker.js:358:10

console.error: "Error while calling actor 'layout's method 'getGrids'" "node is null"
console.error: (new TypeError("node is null", "resource://devtools/server/actors/layout.js", 502))
console.log: WebExtensions: reset-default-search: starting.
console.log: WebExtensions: reset-default-search: No addons in our list are installed.
1625101794556	Marionette	INFO	Stopped listening on port 58833
